[01m[K/home/lara/catkin_ws/src/pack1/src/listener.cpp:[m[K In function ‘[01m[Kint main(int, char**)[m[K’:
[01m[K/home/lara/catkin_ws/src/pack1/src/listener.cpp:50:77:[m[K [01;31m[Kerror: [m[Kno matching function for call to ‘[01m[Kros::NodeHandle::subscribe(const char [8], const char [6], int, void (&)(const ConstPtr&, const ConstPtr&))[m[K’
   ros::Subscriber sub = n.subscribe("chatter","topic", 1000, chatterCallback);
[01;32m[K                                                                             ^[m[K
In file included from [01m[K/opt/ros/kinetic/include/ros/ros.h:45:0[m[K,
                 from [01m[K/home/lara/catkin_ws/src/pack1/src/listener.cpp:1[m[K:
[01m[K/opt/ros/kinetic/include/ros/node_handle.h:402:14:[m[K [01;36m[Knote: [m[Kcandidate: template<class M, class T> ros::Subscriber ros::NodeHandle::subscribe(const string&, uint32_t, void (T::*)(M), T*, const ros::TransportHints&)
   Subscriber subscribe(const std::string& topic, uint32_t queue_size, void(T::*fp)(M), T* obj, 
[01;32m[K              ^[m[K
[01m[K/opt/ros/kinetic/include/ros/node_handle.h:402:14:[m[K [01;36m[Knote: [m[K  template argument deduction/substitution failed:
[01m[K/home/lara/catkin_ws/src/pack1/src/listener.cpp:50:77:[m[K [01;36m[Knote: [m[K  cannot convert ‘[01m[K"topic"[m[K’ (type ‘[01m[Kconst char [6][m[K’) to type ‘[01m[Kuint32_t {aka unsigned int}[m[K’
   ros::Subscriber sub = n.subscribe("chatter","topic", 1000, chatterCallback);
[01;32m[K                                                                             ^[m[K
In file included from [01m[K/opt/ros/kinetic/include/ros/ros.h:45:0[m[K,
                 from [01m[K/home/lara/catkin_ws/src/pack1/src/listener.cpp:1[m[K:
[01m[K/opt/ros/kinetic/include/ros/node_handle.h:413:14:[m[K [01;36m[Knote: [m[Kcandidate: template<class M, class T> ros::Subscriber ros::NodeHandle::subscribe(const string&, uint32_t, void (T::*)(M) const, T*, const ros::TransportHints&)
   Subscriber subscribe(const std::string& topic, uint32_t queue_size, void(T::*fp)(M) const, T* obj, 
[01;32m[K              ^[m[K
[01m[K/opt/ros/kinetic/include/ros/node_handle.h:413:14:[m[K [01;36m[Knote: [m[K  template argument deduction/substitution failed:
[01m[K/home/lara/catkin_ws/src/pack1/src/listener.cpp:50:77:[m[K [01;36m[Knote: [m[K  cannot convert ‘[01m[K"topic"[m[K’ (type ‘[01m[Kconst char [6][m[K’) to type ‘[01m[Kuint32_t {aka unsigned int}[m[K’
   ros::Subscriber sub = n.subscribe("chatter","topic", 1000, chatterCallback);
[01;32m[K                                                                             ^[m[K
In file included from [01m[K/opt/ros/kinetic/include/ros/ros.h:45:0[m[K,
                 from [01m[K/home/lara/catkin_ws/src/pack1/src/listener.cpp:1[m[K:
[01m[K/opt/ros/kinetic/include/ros/node_handle.h:465:14:[m[K [01;36m[Knote: [m[Kcandidate: template<class M, class T> ros::Subscriber ros::NodeHandle::subscribe(const string&, uint32_t, void (T::*)(const boost::shared_ptr<const M>&), T*, const ros::TransportHints&)
   Subscriber subscribe(const std::string& topic, uint32_t queue_size, 
[01;32m[K              ^[m[K
[01m[K/opt/ros/kinetic/include/ros/node_handle.h:465:14:[m[K [01;36m[Knote: [m[K  template argument deduction/substitution failed:
[01m[K/home/lara/catkin_ws/src/pack1/src/listener.cpp:50:77:[m[K [01;36m[Knote: [m[K  cannot convert ‘[01m[K"topic"[m[K’ (type ‘[01m[Kconst char [6][m[K’) to type ‘[01m[Kuint32_t {aka unsigned int}[m[K’
   ros::Subscriber sub = n.subscribe("chatter","topic", 1000, chatterCallback);
[01;32m[K                                                                             ^[m[K
In file included from [01m[K/opt/ros/kinetic/include/ros/ros.h:45:0[m[K,
                 from [01m[K/home/lara/catkin_ws/src/pack1/src/listener.cpp:1[m[K:
[01m[K/opt/ros/kinetic/include/ros/node_handle.h:475:14:[m[K [01;36m[Knote: [m[Kcandidate: template<class M, class T> ros::Subscriber ros::NodeHandle::subscribe(const string&, uint32_t, void (T::*)(const boost::shared_ptr<const M>&) const, T*, const ros::TransportHints&)
   Subscriber subscribe(const std::string& topic, uint32_t queue_size, 
[01;32m[K              ^[m[K
[01m[K/opt/ros/kinetic/include/ros/node_handle.h:475:14:[m[K [01;36m[Knote: [m[K  template argument deduction/substitution failed:
[01m[K/home/lara/catkin_ws/src/pack1/src/listener.cpp:50:77:[m[K [01;36m[Knote: [m[K  cannot convert ‘[01m[K"topic"[m[K’ (type ‘[01m[Kconst char [6][m[K’) to type ‘[01m[Kuint32_t {aka unsigned int}[m[K’
   ros::Subscriber sub = n.subscribe("chatter","topic", 1000, chatterCallback);
[01;32m[K                                                                             ^[m[K
In file included from [01m[K/opt/ros/kinetic/include/ros/ros.h:45:0[m[K,
                 from [01m[K/home/lara/catkin_ws/src/pack1/src/listener.cpp:1[m[K:
[01m[K/opt/ros/kinetic/include/ros/node_handle.h:529:14:[m[K [01;36m[Knote: [m[Kcandidate: template<class M, class T> ros::Subscriber ros::NodeHandle::subscribe(const string&, uint32_t, void (T::*)(M), const boost::shared_ptr<U>&, const ros::TransportHints&)
   Subscriber subscribe(const std::string& topic, uint32_t queue_size, void(T::*fp)(M), 
[01;32m[K              ^[m[K
[01m[K/opt/ros/kinetic/include/ros/node_handle.h:529:14:[m[K [01;36m[Knote: [m[K  template argument deduction/substitution failed:
[01m[K/home/lara/catkin_ws/src/pack1/src/listener.cpp:50:77:[m[K [01;36m[Knote: [m[K  cannot convert ‘[01m[K"topic"[m[K’ (type ‘[01m[Kconst char [6][m[K’) to type ‘[01m[Kuint32_t {aka unsigned int}[m[K’
   ros::Subscriber sub = n.subscribe("chatter","topic", 1000, chatterCallback);
[01;32m[K                                                                             ^[m[K
In file included from [01m[K/opt/ros/kinetic/include/ros/ros.h:45:0[m[K,
                 from [01m[K/home/lara/catkin_ws/src/pack1/src/listener.cpp:1[m[K:
[01m[K/opt/ros/kinetic/include/ros/node_handle.h:540:14:[m[K [01;36m[Knote: [m[Kcandidate: template<class M, class T> ros::Subscriber ros::NodeHandle::subscribe(const string&, uint32_t, void (T::*)(M) const, const boost::shared_ptr<U>&, const ros::TransportHints&)
   Subscriber subscribe(const std::string& topic, uint32_t queue_size, void(T::*fp)(M) const, 
[01;32m[K              ^[m[K
[01m[K/opt/ros/kinetic/include/ros/node_handle.h:540:14:[m[K [01;36m[Knote: [m[K  template argument deduction/substitution failed:
[01m[K/home/lara/catkin_ws/src/pack1/src/listener.cpp:50:77:[m[K [01;36m[Knote: [m[K  cannot convert ‘[01m[K"topic"[m[K’ (type ‘[01m[Kconst char [6][m[K’) to type ‘[01m[Kuint32_t {aka unsigned int}[m[K’
   ros::Subscriber sub = n.subscribe("chatter","topic", 1000, chatterCallback);
[01;32m[K                                                                             ^[m[K
In file included from [01m[K/opt/ros/kinetic/include/ros/ros.h:45:0[m[K,
                 from [01m[K/home/lara/catkin_ws/src/pack1/src/listener.cpp:1[m[K:
[01m[K/opt/ros/kinetic/include/ros/node_handle.h:594:14:[m[K [01;36m[Knote: [m[Kcandidate: template<class M, class T> ros::Subscriber ros::NodeHandle::subscribe(const string&, uint32_t, void (T::*)(const boost::shared_ptr<const M>&), const boost::shared_ptr<U>&, const ros::TransportHints&)
   Subscriber subscribe(const std::string& topic, uint32_t queue_size, 
[01;32m[K              ^[m[K
[01m[K/opt/ros/kinetic/include/ros/node_handle.h:594:14:[m[K [01;36m[Knote: [m[K  template argument deduction/substitution failed:
[01m[K/home/lara/catkin_ws/src/pack1/src/listener.cpp:50:77:[m[K [01;36m[Knote: [m[K  cannot convert ‘[01m[K"topic"[m[K’ (type ‘[01m[Kconst char [6][m[K’) to type ‘[01m[Kuint32_t {aka unsigned int}[m[K’
   ros::Subscriber sub = n.subscribe("chatter","topic", 1000, chatterCallback);
[01;32m[K                                                                             ^[m[K
In file included from [01m[K/opt/ros/kinetic/include/ros/ros.h:45:0[m[K,
                 from [01m[K/home/lara/catkin_ws/src/pack1/src/listener.cpp:1[m[K:
[01m[K/opt/ros/kinetic/include/ros/node_handle.h:605:14:[m[K [01;36m[Knote: [m[Kcandidate: template<class M, class T> ros::Subscriber ros::NodeHandle::subscribe(const string&, uint32_t, void (T::*)(const boost::shared_ptr<const M>&) const, const boost::shared_ptr<U>&, const ros::TransportHints&)
   Subscriber subscribe(const std::string& topic, uint32_t queue_size, 
[01;32m[K              ^[m[K
[01m[K/opt/ros/kinetic/include/ros/node_handle.h:605:14:[m[K [01;36m[Knote: [m[K  template argument deduction/substitution failed:
[01m[K/home/lara/catkin_ws/src/pack1/src/listener.cpp:50:77:[m[K [01;36m[Knote: [m[K  cannot convert ‘[01m[K"topic"[m[K’ (type ‘[01m[Kconst char [6][m[K’) to type ‘[01m[Kuint32_t {aka unsigned int}[m[K’
   ros::Subscriber sub = n.subscribe("chatter","topic", 1000, chatterCallback);
[01;32m[K                                                                             ^[m[K
In file included from [01m[K/opt/ros/kinetic/include/ros/ros.h:45:0[m[K,
                 from [01m[K/home/lara/catkin_ws/src/pack1/src/listener.cpp:1[m[K:
[01m[K/opt/ros/kinetic/include/ros/node_handle.h:656:14:[m[K [01;36m[Knote: [m[Kcandidate: template<class M> ros::Subscriber ros::NodeHandle::subscribe(const string&, uint32_t, void (*)(M), const ros::TransportHints&)
   Subscriber subscribe(const std::string& topic, uint32_t queue_size, void(*fp)(M), const TransportHints& transport_hints = TransportHints())
[01;32m[K              ^[m[K
[01m[K/opt/ros/kinetic/include/ros/node_handle.h:656:14:[m[K [01;36m[Knote: [m[K  template argument deduction/substitution failed:
[01m[K/home/lara/catkin_ws/src/pack1/src/listener.cpp:50:77:[m[K [01;36m[Knote: [m[K  cannot convert ‘[01m[K"topic"[m[K’ (type ‘[01m[Kconst char [6][m[K’) to type ‘[01m[Kuint32_t {aka unsigned int}[m[K’
   ros::Subscriber sub = n.subscribe("chatter","topic", 1000, chatterCallback);
[01;32m[K                                                                             ^[m[K
In file included from [01m[K/opt/ros/kinetic/include/ros/ros.h:45:0[m[K,
                 from [01m[K/home/lara/catkin_ws/src/pack1/src/listener.cpp:1[m[K:
[01m[K/opt/ros/kinetic/include/ros/node_handle.h:704:14:[m[K [01;36m[Knote: [m[Kcandidate: template<class M> ros::Subscriber ros::NodeHandle::subscribe(const string&, uint32_t, void (*)(const boost::shared_ptr<const M>&), const ros::TransportHints&)
   Subscriber subscribe(const std::string& topic, uint32_t queue_size, void(*fp)(const boost::shared_ptr<M const>&), const TransportHints& transport_hints = TransportHints())
[01;32m[K              ^[m[K
[01m[K/opt/ros/kinetic/include/ros/node_handle.h:704:14:[m[K [01;36m[Knote: [m[K  template argument deduction/substitution failed:
[01m[K/home/lara/catkin_ws/src/pack1/src/listener.cpp:50:77:[m[K [01;36m[Knote: [m[K  cannot convert ‘[01m[K"topic"[m[K’ (type ‘[01m[Kconst char [6][m[K’) to type ‘[01m[Kuint32_t {aka unsigned int}[m[K’
   ros::Subscriber sub = n.subscribe("chatter","topic", 1000, chatterCallback);
[01;32m[K                                                                             ^[m[K
In file included from [01m[K/opt/ros/kinetic/include/ros/ros.h:45:0[m[K,
                 from [01m[K/home/lara/catkin_ws/src/pack1/src/listener.cpp:1[m[K:
[01m[K/opt/ros/kinetic/include/ros/node_handle.h:750:14:[m[K [01;36m[Knote: [m[Kcandidate: template<class M> ros::Subscriber ros::NodeHandle::subscribe(const string&, uint32_t, const boost::function<void(const boost::shared_ptr<const M>&)>&, const VoidConstPtr&, const ros::TransportHints&)
   Subscriber subscribe(const std::string& topic, uint32_t queue_size, const boost::function<void (const boost::shared_ptr<M const>&)>& callback,
[01;32m[K              ^[m[K
[01m[K/opt/ros/kinetic/include/ros/node_handle.h:750:14:[m[K [01;36m[Knote: [m[K  template argument deduction/substitution failed:
[01m[K/home/lara/catkin_ws/src/pack1/src/listener.cpp:50:77:[m[K [01;36m[Knote: [m[K  cannot convert ‘[01m[K"topic"[m[K’ (type ‘[01m[Kconst char [6][m[K’) to type ‘[01m[Kuint32_t {aka unsigned int}[m[K’
   ros::Subscriber sub = n.subscribe("chatter","topic", 1000, chatterCallback);
[01;32m[K                                                                             ^[m[K
In file included from [01m[K/opt/ros/kinetic/include/ros/ros.h:45:0[m[K,
                 from [01m[K/home/lara/catkin_ws/src/pack1/src/listener.cpp:1[m[K:
[01m[K/opt/ros/kinetic/include/ros/node_handle.h:799:14:[m[K [01;36m[Knote: [m[Kcandidate: template<class M, class C> ros::Subscriber ros::NodeHandle::subscribe(const string&, uint32_t, const boost::function<void(C)>&, const VoidConstPtr&, const ros::TransportHints&)
   Subscriber subscribe(const std::string& topic, uint32_t queue_size, const boost::function<void (C)>& callback,
[01;32m[K              ^[m[K
[01m[K/opt/ros/kinetic/include/ros/node_handle.h:799:14:[m[K [01;36m[Knote: [m[K  template argument deduction/substitution failed:
[01m[K/home/lara/catkin_ws/src/pack1/src/listener.cpp:50:77:[m[K [01;36m[Knote: [m[K  cannot convert ‘[01m[K"topic"[m[K’ (type ‘[01m[Kconst char [6][m[K’) to type ‘[01m[Kuint32_t {aka unsigned int}[m[K’
   ros::Subscriber sub = n.subscribe("chatter","topic", 1000, chatterCallback);
[01;32m[K                                                                             ^[m[K
In file included from [01m[K/opt/ros/kinetic/include/ros/ros.h:45:0[m[K,
                 from [01m[K/home/lara/catkin_ws/src/pack1/src/listener.cpp:1[m[K:
[01m[K/opt/ros/kinetic/include/ros/node_handle.h:836:14:[m[K [01;36m[Knote: [m[Kcandidate: ros::Subscriber ros::NodeHandle::subscribe(ros::SubscribeOptions&)
   Subscriber subscribe(SubscribeOptions& ops);
[01;32m[K              ^[m[K
[01m[K/opt/ros/kinetic/include/ros/node_handle.h:836:14:[m[K [01;36m[Knote: [m[K  candidate expects 1 argument, 4 provided
[01m[K/home/lara/catkin_ws/src/pack1/src/talker.cpp:[m[K In function ‘[01m[Kint main(int, char**)[m[K’:
[01m[K/home/lara/catkin_ws/src/pack1/src/talker.cpp:47:85:[m[K [01;31m[Kerror: [m[Kno matching function for call to ‘[01m[Kros::NodeHandle::advertise(const char [8], const char [6], int)[m[K’
   ros::Publisher chatter_pub = n.advertise<std_msgs::String>("chatter","topic", 1000);
[01;32m[K                                                                                     ^[m[K
In file included from [01m[K/opt/ros/kinetic/include/ros/ros.h:45:0[m[K,
                 from [01m[K/home/lara/catkin_ws/src/pack1/src/talker.cpp:1[m[K:
[01m[K/opt/ros/kinetic/include/ros/node_handle.h:249:15:[m[K [01;36m[Knote: [m[Kcandidate: template<class M> ros::Publisher ros::NodeHandle::advertise(const string&, uint32_t, bool)
     Publisher advertise(const std::string& topic, uint32_t queue_size, bool latch = false)
[01;32m[K               ^[m[K
[01m[K/opt/ros/kinetic/include/ros/node_handle.h:249:15:[m[K [01;36m[Knote: [m[K  template argument deduction/substitution failed:
[01m[K/home/lara/catkin_ws/src/pack1/src/talker.cpp:47:85:[m[K [01;36m[Knote: [m[K  cannot convert ‘[01m[K"topic"[m[K’ (type ‘[01m[Kconst char [6][m[K’) to type ‘[01m[Kuint32_t {aka unsigned int}[m[K’
   ros::Publisher chatter_pub = n.advertise<std_msgs::String>("chatter","topic", 1000);
[01;32m[K                                                                                     ^[m[K
In file included from [01m[K/opt/ros/kinetic/include/ros/ros.h:45:0[m[K,
                 from [01m[K/home/lara/catkin_ws/src/pack1/src/talker.cpp:1[m[K:
[01m[K/opt/ros/kinetic/include/ros/node_handle.h:315:13:[m[K [01;36m[Knote: [m[Kcandidate: template<class M> ros::Publisher ros::NodeHandle::advertise(const string&, uint32_t, const SubscriberStatusCallback&, const SubscriberStatusCallback&, const VoidConstPtr&, bool)
   Publisher advertise(const std::string& topic, uint32_t queue_size,
[01;32m[K             ^[m[K
[01m[K/opt/ros/kinetic/include/ros/node_handle.h:315:13:[m[K [01;36m[Knote: [m[K  template argument deduction/substitution failed:
[01m[K/home/lara/catkin_ws/src/pack1/src/talker.cpp:47:85:[m[K [01;36m[Knote: [m[K  cannot convert ‘[01m[K"topic"[m[K’ (type ‘[01m[Kconst char [6][m[K’) to type ‘[01m[Kuint32_t {aka unsigned int}[m[K’
   ros::Publisher chatter_pub = n.advertise<std_msgs::String>("chatter","topic", 1000);
[01;32m[K                                                                                     ^[m[K
[01m[K/home/lara/catkin_ws/src/pack1/src/talker.cpp:76:32:[m[K [01;31m[Kerror: [m[Kno matching function for call to ‘[01m[Kros::Publisher::publish(std_msgs::String&, std_msgs::String&)[m[K’
     chatter_pub.publish(msg,txt);
[01;32m[K                                ^[m[K
In file included from [01m[K/opt/ros/kinetic/include/ros/node_handle.h:32:0[m[K,
                 from [01m[K/opt/ros/kinetic/include/ros/ros.h:45[m[K,
                 from [01m[K/home/lara/catkin_ws/src/pack1/src/talker.cpp:1[m[K:
[01m[K/opt/ros/kinetic/include/ros/publisher.h:63:12:[m[K [01;36m[Knote: [m[Kcandidate: template<class M> void ros::Publisher::publish(const boost::shared_ptr<X>&) const
       void publish(const boost::shared_ptr<M>& message) const
[01;32m[K            ^[m[K
[01m[K/opt/ros/kinetic/include/ros/publisher.h:63:12:[m[K [01;36m[Knote: [m[K  template argument deduction/substitution failed:
[01m[K/home/lara/catkin_ws/src/pack1/src/talker.cpp:76:32:[m[K [01;36m[Knote: [m[K  ‘[01m[Kstd_msgs::String {aka std_msgs::String_<std::allocator<void> >}[m[K’ is not derived from ‘[01m[Kconst boost::shared_ptr<X>[m[K’
     chatter_pub.publish(msg,txt);
[01;32m[K                                ^[m[K
In file included from [01m[K/opt/ros/kinetic/include/ros/node_handle.h:32:0[m[K,
                 from [01m[K/opt/ros/kinetic/include/ros/ros.h:45[m[K,
                 from [01m[K/home/lara/catkin_ws/src/pack1/src/talker.cpp:1[m[K:
[01m[K/opt/ros/kinetic/include/ros/publisher.h:95:12:[m[K [01;36m[Knote: [m[Kcandidate: template<class M> void ros::Publisher::publish(const M&) const
       void publish(const M& message) const
[01;32m[K            ^[m[K
[01m[K/opt/ros/kinetic/include/ros/publisher.h:95:12:[m[K [01;36m[Knote: [m[K  template argument deduction/substitution failed:
[01m[K/home/lara/catkin_ws/src/pack1/src/talker.cpp:76:32:[m[K [01;36m[Knote: [m[K  candidate expects 1 argument, 2 provided
     chatter_pub.publish(msg,txt);
[01;32m[K                                ^[m[K
In file included from [01m[K/opt/ros/kinetic/include/ros/node_handle.h:32:0[m[K,
                 from [01m[K/opt/ros/kinetic/include/ros/ros.h:45[m[K,
                 from [01m[K/home/lara/catkin_ws/src/pack1/src/talker.cpp:1[m[K:
[01m[K/opt/ros/kinetic/include/ros/publisher.h:171:10:[m[K [01;36m[Knote: [m[Kcandidate: void ros::Publisher::publish(const boost::function<ros::SerializedMessage()>&, ros::SerializedMessage&) const
     void publish(const boost::function<SerializedMessage(void)>& serfunc, SerializedMessage& m) const;
[01;32m[K          ^[m[K
[01m[K/opt/ros/kinetic/include/ros/publisher.h:171:10:[m[K [01;36m[Knote: [m[K  no known conversion for argument 2 from ‘[01m[Kstd_msgs::String {aka std_msgs::String_<std::allocator<void> >}[m[K’ to ‘[01m[Kros::SerializedMessage&[m[K’
make[2]: *** [CMakeFiles/listener.dir/src/listener.cpp.o] Error 1
make[1]: *** [CMakeFiles/listener.dir/all] Error 2
make[1]: *** Waiting for unfinished jobs....
make[2]: *** [CMakeFiles/talker.dir/src/talker.cpp.o] Error 1
make[1]: *** [CMakeFiles/talker.dir/all] Error 2
make: *** [all] Error 2
