Linked: (/home/lara/catkin_ws/devel/.private/sample_qt/lib/libappLib.so, /home/lara/catkin_ws/devel/lib/libappLib.so)
Linked: (/home/lara/catkin_ws/devel/.private/sample_qt/lib/pkgconfig/sample_qt.pc, /home/lara/catkin_ws/devel/lib/pkgconfig/sample_qt.pc)
Linked: (/home/lara/catkin_ws/devel/.private/sample_qt/lib/python2.7/dist-packages/sample_qt/__init__.py, /home/lara/catkin_ws/devel/lib/python2.7/dist-packages/sample_qt/__init__.py)
Linked: (/home/lara/catkin_ws/devel/.private/sample_qt/lib/python2.7/dist-packages/sample_qt/msg/_hsv.py, /home/lara/catkin_ws/devel/lib/python2.7/dist-packages/sample_qt/msg/_hsv.py)
Linked: (/home/lara/catkin_ws/devel/.private/sample_qt/lib/python2.7/dist-packages/sample_qt/msg/__init__.py, /home/lara/catkin_ws/devel/lib/python2.7/dist-packages/sample_qt/msg/__init__.py)
Linked: (/home/lara/catkin_ws/devel/.private/sample_qt/lib/sample_qt/app, /home/lara/catkin_ws/devel/lib/sample_qt/app)
Linked: (/home/lara/catkin_ws/devel/.private/sample_qt/share/roseus/ros/sample_qt/manifest.l, /home/lara/catkin_ws/devel/share/roseus/ros/sample_qt/manifest.l)
Linked: (/home/lara/catkin_ws/devel/.private/sample_qt/share/roseus/ros/sample_qt/msg/hsv.l, /home/lara/catkin_ws/devel/share/roseus/ros/sample_qt/msg/hsv.l)
Linked: (/home/lara/catkin_ws/devel/.private/sample_qt/share/gennodejs/ros/sample_qt/_index.js, /home/lara/catkin_ws/devel/share/gennodejs/ros/sample_qt/_index.js)
Linked: (/home/lara/catkin_ws/devel/.private/sample_qt/share/gennodejs/ros/sample_qt/msg/hsv.js, /home/lara/catkin_ws/devel/share/gennodejs/ros/sample_qt/msg/hsv.js)
Linked: (/home/lara/catkin_ws/devel/.private/sample_qt/share/gennodejs/ros/sample_qt/msg/_index.js, /home/lara/catkin_ws/devel/share/gennodejs/ros/sample_qt/msg/_index.js)
Linked: (/home/lara/catkin_ws/devel/.private/sample_qt/share/common-lisp/ros/sample_qt/msg/sample_qt-msg.asd, /home/lara/catkin_ws/devel/share/common-lisp/ros/sample_qt/msg/sample_qt-msg.asd)
Linked: (/home/lara/catkin_ws/devel/.private/sample_qt/share/common-lisp/ros/sample_qt/msg/_package.lisp, /home/lara/catkin_ws/devel/share/common-lisp/ros/sample_qt/msg/_package.lisp)
Linked: (/home/lara/catkin_ws/devel/.private/sample_qt/share/common-lisp/ros/sample_qt/msg/hsv.lisp, /home/lara/catkin_ws/devel/share/common-lisp/ros/sample_qt/msg/hsv.lisp)
Linked: (/home/lara/catkin_ws/devel/.private/sample_qt/share/common-lisp/ros/sample_qt/msg/_package_hsv.lisp, /home/lara/catkin_ws/devel/share/common-lisp/ros/sample_qt/msg/_package_hsv.lisp)
Linked: (/home/lara/catkin_ws/devel/.private/sample_qt/share/sample_qt/cmake/sample_qt-msg-extras.cmake, /home/lara/catkin_ws/devel/share/sample_qt/cmake/sample_qt-msg-extras.cmake)
Linked: (/home/lara/catkin_ws/devel/.private/sample_qt/share/sample_qt/cmake/sample_qtConfig-version.cmake, /home/lara/catkin_ws/devel/share/sample_qt/cmake/sample_qtConfig-version.cmake)
Linked: (/home/lara/catkin_ws/devel/.private/sample_qt/share/sample_qt/cmake/sample_qtConfig.cmake, /home/lara/catkin_ws/devel/share/sample_qt/cmake/sample_qtConfig.cmake)
Linked: (/home/lara/catkin_ws/devel/.private/sample_qt/share/sample_qt/cmake/sample_qt-msg-paths.cmake, /home/lara/catkin_ws/devel/share/sample_qt/cmake/sample_qt-msg-paths.cmake)
Linked: (/home/lara/catkin_ws/devel/.private/sample_qt/include/sample_qt/hsv.h, /home/lara/catkin_ws/devel/include/sample_qt/hsv.h)
