[01m[K/home/lara/catkin_ws/src/sample_qt/src/mainwindow.cpp:[m[K In function ‘[01m[Kint stop()[m[K’:
[01m[K/home/lara/catkin_ws/src/sample_qt/src/mainwindow.cpp:44:16:[m[K [01;31m[Kerror: [m[K‘[01m[Kclicked[m[K’ was not declared in this scope
     if(clicked())
[01;32m[K                ^[m[K
[01m[K/home/lara/catkin_ws/src/sample_qt/src/mainwindow.cpp:50:9:[m[K [01;31m[Kerror: [m[K‘[01m[Kcout[m[K’ was not declared in this scope
         cout<<"iamge error"<<endl;
[01;32m[K         ^[m[K
[01m[K/home/lara/catkin_ws/src/sample_qt/src/mainwindow.cpp:50:9:[m[K [01;36m[Knote: [m[Ksuggested alternative:
In file included from [01m[K/opt/ros/kinetic/include/ros/time.h:54:0[m[K,
                 from [01m[K/opt/ros/kinetic/include/ros/ros.h:38[m[K,
                 from [01m[K/home/lara/catkin_ws/src/sample_qt/include/mainwindow.h:5[m[K,
                 from [01m[K/home/lara/catkin_ws/src/sample_qt/src/mainwindow.cpp:1[m[K:
[01m[K/usr/include/c++/5/iostream:61:18:[m[K [01;36m[Knote: [m[K  ‘[01m[Kstd::cout[m[K’
   extern ostream cout;  /// Linked to standard output
[01;32m[K                  ^[m[K
[01m[K/home/lara/catkin_ws/src/sample_qt/src/mainwindow.cpp:50:30:[m[K [01;31m[Kerror: [m[K‘[01m[Kendl[m[K’ was not declared in this scope
         cout<<"iamge error"<<endl;
[01;32m[K                              ^[m[K
[01m[K/home/lara/catkin_ws/src/sample_qt/src/mainwindow.cpp:50:30:[m[K [01;36m[Knote: [m[Ksuggested alternative:
In file included from [01m[K/usr/include/c++/5/iterator:64:0[m[K,
                 from [01m[K/usr/include/qt4/QtCore/qlist.h:50[m[K,
                 from [01m[K/usr/include/qt4/QtCore/qobject.h:50[m[K,
                 from [01m[K/usr/include/qt4/QtGui/qwidget.h:47[m[K,
                 from [01m[K/usr/include/qt4/QtGui/qmainwindow.h:45[m[K,
                 from [01m[K/usr/include/qt4/QtGui/QMainWindow:1[m[K,
                 from [01m[K/home/lara/catkin_ws/src/sample_qt/include/mainwindow.h:4[m[K,
                 from [01m[K/home/lara/catkin_ws/src/sample_qt/src/mainwindow.cpp:1[m[K:
[01m[K/usr/include/c++/5/ostream:590:5:[m[K [01;36m[Knote: [m[K  ‘[01m[Kstd::endl[m[K’
     endl(basic_ostream<_CharT, _Traits>& __os)
[01;32m[K     ^[m[K
make[2]: *** [CMakeFiles/appLib.dir/src/mainwindow.cpp.o] Error 1
make[1]: *** [CMakeFiles/appLib.dir/all] Error 2
make: *** [all] Error 2
