Determining if the pthread_create exist failed with the following output:
Change Dir: /home/lara/catkin_ws/build/catkin_tools_prebuild/CMakeFiles/CMakeTmp

Run Build Command:"/usr/bin/make" "cmTC_ce642/fast"
/usr/bin/make -f CMakeFiles/cmTC_ce642.dir/build.make CMakeFiles/cmTC_ce642.dir/build
make[1]: Entering directory '/home/lara/catkin_ws/build/catkin_tools_prebuild/CMakeFiles/CMakeTmp'
Building C object CMakeFiles/cmTC_ce642.dir/CheckSymbolExists.c.o
/usr/bin/cc     -o CMakeFiles/cmTC_ce642.dir/CheckSymbolExists.c.o   -c /home/lara/catkin_ws/build/catkin_tools_prebuild/CMakeFiles/CMakeTmp/CheckSymbolExists.c
Linking C executable cmTC_ce642
/usr/bin/cmake -E cmake_link_script CMakeFiles/cmTC_ce642.dir/link.txt --verbose=1
/usr/bin/cc       CMakeFiles/cmTC_ce642.dir/CheckSymbolExists.c.o  -o cmTC_ce642 -rdynamic 
CMakeFiles/cmTC_ce642.dir/CheckSymbolExists.c.o: In function `main':
CheckSymbolExists.c:(.text+0x16): undefined reference to `pthread_create'
collect2: error: ld returned 1 exit status
CMakeFiles/cmTC_ce642.dir/build.make:97: recipe for target 'cmTC_ce642' failed
make[1]: *** [cmTC_ce642] Error 1
make[1]: Leaving directory '/home/lara/catkin_ws/build/catkin_tools_prebuild/CMakeFiles/CMakeTmp'
Makefile:126: recipe for target 'cmTC_ce642/fast' failed
make: *** [cmTC_ce642/fast] Error 2

File /home/lara/catkin_ws/build/catkin_tools_prebuild/CMakeFiles/CMakeTmp/CheckSymbolExists.c:
/* */
#include <pthread.h>

int main(int argc, char** argv)
{
  (void)argv;
#ifndef pthread_create
  return ((int*)(&pthread_create))[argc];
#else
  (void)argc;
  return 0;
#endif
}

Determining if the function pthread_create exists in the pthreads failed with the following output:
Change Dir: /home/lara/catkin_ws/build/catkin_tools_prebuild/CMakeFiles/CMakeTmp

Run Build Command:"/usr/bin/make" "cmTC_877fc/fast"
/usr/bin/make -f CMakeFiles/cmTC_877fc.dir/build.make CMakeFiles/cmTC_877fc.dir/build
make[1]: Entering directory '/home/lara/catkin_ws/build/catkin_tools_prebuild/CMakeFiles/CMakeTmp'
Building C object CMakeFiles/cmTC_877fc.dir/CheckFunctionExists.c.o
/usr/bin/cc    -DCHECK_FUNCTION_EXISTS=pthread_create   -o CMakeFiles/cmTC_877fc.dir/CheckFunctionExists.c.o   -c /usr/share/cmake-3.5/Modules/CheckFunctionExists.c
Linking C executable cmTC_877fc
/usr/bin/cmake -E cmake_link_script CMakeFiles/cmTC_877fc.dir/link.txt --verbose=1
/usr/bin/cc   -DCHECK_FUNCTION_EXISTS=pthread_create    CMakeFiles/cmTC_877fc.dir/CheckFunctionExists.c.o  -o cmTC_877fc -rdynamic -lpthreads 
/usr/bin/ld: cannot find -lpthreads
collect2: error: ld returned 1 exit status
CMakeFiles/cmTC_877fc.dir/build.make:97: recipe for target 'cmTC_877fc' failed
make[1]: *** [cmTC_877fc] Error 1
make[1]: Leaving directory '/home/lara/catkin_ws/build/catkin_tools_prebuild/CMakeFiles/CMakeTmp'
Makefile:126: recipe for target 'cmTC_877fc/fast' failed
make: *** [cmTC_877fc/fast] Error 2


