[01m[K/home/lara/catkin_ws/src/pic/src/trackbar.cpp:[m[K In function ‘[01m[Kvoid imgCallback(const ImageConstPtr&)[m[K’:
[01m[K/home/lara/catkin_ws/src/pic/src/trackbar.cpp:54:39:[m[K [01;31m[Kerror: [m[K‘[01m[KMORPH_RECT[m[K’ was not declared in this scope
     cv::Mat ele=getStructuringElement(MORPH_RECT,Size(5,5),Point(-1,-1));
[01;32m[K                                       ^[m[K
[01m[K/home/lara/catkin_ws/src/pic/src/trackbar.cpp:54:39:[m[K [01;36m[Knote: [m[Ksuggested alternative:
In file included from [01m[K/opt/ros/kinetic/include/opencv-3.3.1-dev/opencv2/opencv.hpp:71:0[m[K,
                 from [01m[K/home/lara/catkin_ws/src/pic/src/trackbar.cpp:4[m[K:
[01m[K/opt/ros/kinetic/include/opencv-3.3.1-dev/opencv2/imgproc.hpp:256:5:[m[K [01;36m[Knote: [m[K  ‘[01m[KMORPH_RECT[m[K’
     MORPH_RECT    = 0, //!< a rectangular structuring element:  \f[E_{ij}=1\f]
[01;32m[K     ^[m[K
[01m[K/home/lara/catkin_ws/src/pic/src/trackbar.cpp:54:58:[m[K [01;31m[Kerror: [m[K‘[01m[KSize[m[K’ was not declared in this scope
     cv::Mat ele=getStructuringElement(MORPH_RECT,Size(5,5),Point(-1,-1));
[01;32m[K                                                          ^[m[K
[01m[K/home/lara/catkin_ws/src/pic/src/trackbar.cpp:54:58:[m[K [01;36m[Knote: [m[Ksuggested alternative:
In file included from [01m[K/opt/ros/kinetic/include/opencv-3.3.1-dev/opencv2/core.hpp:58:0[m[K,
                 from [01m[K/opt/ros/kinetic/include/opencv-3.3.1-dev/opencv2/highgui.hpp:46[m[K,
                 from [01m[K/opt/ros/kinetic/include/opencv-3.3.1-dev/opencv2/highgui/highgui.hpp:48[m[K,
                 from [01m[K/home/lara/catkin_ws/src/pic/src/trackbar.cpp:3[m[K:
[01m[K/opt/ros/kinetic/include/opencv-3.3.1-dev/opencv2/core/types.hpp:341:16:[m[K [01;36m[Knote: [m[K  ‘[01m[Kcv::Size[m[K’
 typedef Size2i Size;
[01;32m[K                ^[m[K
[01m[K/home/lara/catkin_ws/src/pic/src/trackbar.cpp:54:71:[m[K [01;31m[Kerror: [m[K‘[01m[KPoint[m[K’ was not declared in this scope
     cv::Mat ele=getStructuringElement(MORPH_RECT,Size(5,5),Point(-1,-1));
[01;32m[K                                                                       ^[m[K
[01m[K/home/lara/catkin_ws/src/pic/src/trackbar.cpp:54:71:[m[K [01;36m[Knote: [m[Ksuggested alternative:
In file included from [01m[K/opt/ros/kinetic/include/opencv-3.3.1-dev/opencv2/core.hpp:58:0[m[K,
                 from [01m[K/opt/ros/kinetic/include/opencv-3.3.1-dev/opencv2/highgui.hpp:46[m[K,
                 from [01m[K/opt/ros/kinetic/include/opencv-3.3.1-dev/opencv2/highgui/highgui.hpp:48[m[K,
                 from [01m[K/home/lara/catkin_ws/src/pic/src/trackbar.cpp:3[m[K:
[01m[K/opt/ros/kinetic/include/opencv-3.3.1-dev/opencv2/core/types.hpp:192:17:[m[K [01;36m[Knote: [m[K  ‘[01m[Kcv::Point[m[K’
 typedef Point2i Point;
[01;32m[K                 ^[m[K
[01m[K/home/lara/catkin_ws/src/pic/src/trackbar.cpp:54:72:[m[K [01;31m[Kerror: [m[K‘[01m[KgetStructuringElement[m[K’ was not declared in this scope
     cv::Mat ele=getStructuringElement(MORPH_RECT,Size(5,5),Point(-1,-1));
[01;32m[K                                                                        ^[m[K
[01m[K/home/lara/catkin_ws/src/pic/src/trackbar.cpp:54:72:[m[K [01;36m[Knote: [m[Ksuggested alternative:
In file included from [01m[K/opt/ros/kinetic/include/opencv-3.3.1-dev/opencv2/opencv.hpp:71:0[m[K,
                 from [01m[K/home/lara/catkin_ws/src/pic/src/trackbar.cpp:4[m[K:
[01m[K/opt/ros/kinetic/include/opencv-3.3.1-dev/opencv2/imgproc.hpp:1353:18:[m[K [01;36m[Knote: [m[K  ‘[01m[Kcv::getStructuringElement[m[K’
 CV_EXPORTS_W Mat getStructuringElement(int shape, Size ksize, Point anchor = Point(-1,-1));
[01;32m[K                  ^[m[K
make[2]: *** [CMakeFiles/trackbar.dir/src/trackbar.cpp.o] Error 1
make[1]: *** [CMakeFiles/trackbar.dir/all] Error 2
make: *** [all] Error 2
