[01m[K/home/lara/catkin_ws/src/pic/src/talker.cpp:[m[K In function ‘[01m[Kint main(int, char**)[m[K’:
[01m[K/home/lara/catkin_ws/src/pic/src/talker.cpp:18:24:[m[K [01;31m[Kerror: [m[Kconflicting declaration ‘[01m[Kros::Publisher pub[m[K’
         ros::Publisher pub= nh.advertise<std_msgs::Int32>("control",1000);
[01;32m[K                        ^[m[K
[01m[K/home/lara/catkin_ws/src/pic/src/talker.cpp:17:36:[m[K [01;36m[Knote: [m[Kprevious declaration as ‘[01m[Kimage_transport::Publisher pub[m[K’
         image_transport::Publisher pub = it.advertise("camera/image", 1);
[01;32m[K                                    ^[m[K
[01m[K/home/lara/catkin_ws/src/pic/src/talker.cpp:28:27:[m[K [01;31m[Kerror: [m[Kno matching function for call to ‘[01m[Kimage_transport::Publisher::publish(int&)[m[K’
           pub.publish(text);
[01;32m[K                           ^[m[K
In file included from [01m[K/opt/ros/kinetic/include/image_transport/image_transport.h:38:0[m[K,
                 from [01m[K/home/lara/catkin_ws/src/pic/src/talker.cpp:2[m[K:
[01m[K/opt/ros/kinetic/include/image_transport/publisher.h:84:8:[m[K [01;36m[Knote: [m[Kcandidate: void image_transport::Publisher::publish(const Image&) const
   void publish(const sensor_msgs::Image& message) const;
[01;32m[K        ^[m[K
[01m[K/opt/ros/kinetic/include/image_transport/publisher.h:84:8:[m[K [01;36m[Knote: [m[K  no known conversion for argument 1 from ‘[01m[Kint[m[K’ to ‘[01m[Kconst Image& {aka const sensor_msgs::Image_<std::allocator<void> >&}[m[K’
[01m[K/opt/ros/kinetic/include/image_transport/publisher.h:89:8:[m[K [01;36m[Knote: [m[Kcandidate: void image_transport::Publisher::publish(const ImageConstPtr&) const
   void publish(const sensor_msgs::ImageConstPtr& message) const;
[01;32m[K        ^[m[K
[01m[K/opt/ros/kinetic/include/image_transport/publisher.h:89:8:[m[K [01;36m[Knote: [m[K  no known conversion for argument 1 from ‘[01m[Kint[m[K’ to ‘[01m[Kconst ImageConstPtr& {aka const boost::shared_ptr<const sensor_msgs::Image_<std::allocator<void> > >&}[m[K’
make[2]: *** [CMakeFiles/talker.dir/src/talker.cpp.o] Error 1
make[1]: *** [CMakeFiles/talker.dir/all] Error 2
make: *** [all] Error 2
