Determining if the pthread_create exist failed with the following output:
Change Dir: /home/lara/catkin_ws/build/beginner_tutorials/CMakeFiles/CMakeTmp

Run Build Command:"/usr/bin/make" "cmTC_f1df1/fast"
/usr/bin/make -f CMakeFiles/cmTC_f1df1.dir/build.make CMakeFiles/cmTC_f1df1.dir/build
make[1]: Entering directory '/home/lara/catkin_ws/build/beginner_tutorials/CMakeFiles/CMakeTmp'
Building C object CMakeFiles/cmTC_f1df1.dir/CheckSymbolExists.c.o
/usr/bin/cc     -o CMakeFiles/cmTC_f1df1.dir/CheckSymbolExists.c.o   -c /home/lara/catkin_ws/build/beginner_tutorials/CMakeFiles/CMakeTmp/CheckSymbolExists.c
Linking C executable cmTC_f1df1
/usr/bin/cmake -E cmake_link_script CMakeFiles/cmTC_f1df1.dir/link.txt --verbose=1
/usr/bin/cc       CMakeFiles/cmTC_f1df1.dir/CheckSymbolExists.c.o  -o cmTC_f1df1 -rdynamic 
CMakeFiles/cmTC_f1df1.dir/CheckSymbolExists.c.o: In function `main':
CheckSymbolExists.c:(.text+0x16): undefined reference to `pthread_create'
collect2: error: ld returned 1 exit status
CMakeFiles/cmTC_f1df1.dir/build.make:97: recipe for target 'cmTC_f1df1' failed
make[1]: *** [cmTC_f1df1] Error 1
make[1]: Leaving directory '/home/lara/catkin_ws/build/beginner_tutorials/CMakeFiles/CMakeTmp'
Makefile:126: recipe for target 'cmTC_f1df1/fast' failed
make: *** [cmTC_f1df1/fast] Error 2

File /home/lara/catkin_ws/build/beginner_tutorials/CMakeFiles/CMakeTmp/CheckSymbolExists.c:
/* */
#include <pthread.h>

int main(int argc, char** argv)
{
  (void)argv;
#ifndef pthread_create
  return ((int*)(&pthread_create))[argc];
#else
  (void)argc;
  return 0;
#endif
}

Determining if the function pthread_create exists in the pthreads failed with the following output:
Change Dir: /home/lara/catkin_ws/build/beginner_tutorials/CMakeFiles/CMakeTmp

Run Build Command:"/usr/bin/make" "cmTC_40ead/fast"
/usr/bin/make -f CMakeFiles/cmTC_40ead.dir/build.make CMakeFiles/cmTC_40ead.dir/build
make[1]: Entering directory '/home/lara/catkin_ws/build/beginner_tutorials/CMakeFiles/CMakeTmp'
Building C object CMakeFiles/cmTC_40ead.dir/CheckFunctionExists.c.o
/usr/bin/cc    -DCHECK_FUNCTION_EXISTS=pthread_create   -o CMakeFiles/cmTC_40ead.dir/CheckFunctionExists.c.o   -c /usr/share/cmake-3.5/Modules/CheckFunctionExists.c
Linking C executable cmTC_40ead
/usr/bin/cmake -E cmake_link_script CMakeFiles/cmTC_40ead.dir/link.txt --verbose=1
/usr/bin/cc   -DCHECK_FUNCTION_EXISTS=pthread_create    CMakeFiles/cmTC_40ead.dir/CheckFunctionExists.c.o  -o cmTC_40ead -rdynamic -lpthreads 
/usr/bin/ld: cannot find -lpthreads
collect2: error: ld returned 1 exit status
CMakeFiles/cmTC_40ead.dir/build.make:97: recipe for target 'cmTC_40ead' failed
make[1]: *** [cmTC_40ead] Error 1
make[1]: Leaving directory '/home/lara/catkin_ws/build/beginner_tutorials/CMakeFiles/CMakeTmp'
Makefile:126: recipe for target 'cmTC_40ead/fast' failed
make: *** [cmTC_40ead/fast] Error 2


